<?xml version="1.0" encoding="UTF-8"?>
<!-- Generated by org.testng.reporters.JUnitReportReporter -->
<testsuite hostname="Starboy" failures="0" tests="1" name="tests.Login" time="0.702" errors="0" timestamp="2021-09-22T12:55:53 IST" skipped="0">
  <testcase classname="tests.Login" name="loginTestCases" time="0.702"/>
  <system-out/>
</testsuite> <!-- tests.Login -->
